<?xml version="1.0" encoding="UTF-8"?>
<testng-results ignored="0" total="1" passed="1" failed="0" skipped="0">
  <reporter-output>
    <line>
      <![CDATA[Successfully Launched Chrome Browser]]>
    </line>
    <line>
      <![CDATA[Browser window is maximized successfully]]>
    </line>
    <line>
      <![CDATA[Sucessfully landed on Sign In page]]>
    </line>
    <line>
      <![CDATA[Sucessfully landed on Role-Selection page]]>
    </line>
    <line>
      <![CDATA[Login successful and Home Page loaded correctly]]>
    </line>
  </reporter-output>
  <suite started-at="2025-09-22T15:56:25 IST" name="Default suite" finished-at="2025-09-22T15:56:52 IST" duration-ms="27554">
    <groups>
    </groups>
    <test started-at="2025-09-22T15:56:25 IST" name="Default test" finished-at="2025-09-22T15:56:52 IST" duration-ms="27554">
      <class name="phase1Modules.TC_LoginTest">
        <test-method is-config="true" signature="openTheBrowser(java.lang.String)[pri:0, instance:phase1Modules.TC_LoginTest@707194ba]" started-at="2025-09-22T15:56:25 IST" name="openTheBrowser" finished-at="2025-09-22T15:56:39 IST" duration-ms="14438" status="PASS">
          <params>
            <param index="0">
              <value>
                <![CDATA[chrome]]>
              </value>
            </param>
          </params>
          <reporter-output>
            <line>
              <![CDATA[Successfully Launched Chrome Browser]]>
            </line>
            <line>
              <![CDATA[Browser window is maximized successfully]]>
            </line>
          </reporter-output>
        </test-method> <!-- openTheBrowser -->
        <test-method is-config="true" signature="navigateToApplication()[pri:0, instance:phase1Modules.TC_LoginTest@707194ba]" started-at="2025-09-22T15:56:39 IST" name="navigateToApplication" finished-at="2025-09-22T15:56:41 IST" duration-ms="1598" status="PASS">
          <reporter-output>
          </reporter-output>
        </test-method> <!-- navigateToApplication -->
        <test-method signature="verifyValidLogin()[pri:0, instance:phase1Modules.TC_LoginTest@707194ba]" started-at="2025-09-22T15:56:41 IST" name="verifyValidLogin" finished-at="2025-09-22T15:56:52 IST" duration-ms="11376" status="PASS">
          <reporter-output>
            <line>
              <![CDATA[Sucessfully landed on Sign In page]]>
            </line>
            <line>
              <![CDATA[Sucessfully landed on Role-Selection page]]>
            </line>
            <line>
              <![CDATA[Login successful and Home Page loaded correctly]]>
            </line>
          </reporter-output>
        </test-method> <!-- verifyValidLogin -->
        <test-method is-config="true" signature="closeTheBrowser()[pri:0, instance:phase1Modules.TC_LoginTest@707194ba]" started-at="2025-09-22T15:56:52 IST" name="closeTheBrowser" finished-at="2025-09-22T15:56:52 IST" duration-ms="5" status="PASS">
          <reporter-output>
          </reporter-output>
        </test-method> <!-- closeTheBrowser -->
      </class> <!-- phase1Modules.TC_LoginTest -->
    </test> <!-- Default test -->
  </suite> <!-- Default suite -->
</testng-results>
